<?xml version="1.0" encoding="UTF-8"?>
<!-- Generated by org.testng.reporters.JUnitReportReporter -->
<testsuite skipped="0" hostname="DESKTOP-OP2ETL3" name="MyRunner.TestRunner" tests="2" failures="0" timestamp="26 Apr 2020 08:21:48 GMT" time="17.169" errors="0">
  <testcase name="feature" time="9.038" classname="MyRunner.TestRunner"/>
  <testcase name="feature" time="8.131" classname="MyRunner.TestRunner"/>
</testsuite> <!-- MyRunner.TestRunner -->
