<?xml version="1.0" encoding="UTF-8"?>
<!-- Generated by org.testng.reporters.JUnitReportReporter -->
<testsuite skipped="0" hostname="DESKTOP-OP2ETL3" name="MyRunner.TestRunner" tests="2" failures="0" timestamp="2020-04-26T14:02:21 IST" time="18.973" errors="0">
  <testcase name="feature" time="10.603" classname="MyRunner.TestRunner"/>
  <testcase name="feature" time="8.370" classname="MyRunner.TestRunner"/>
</testsuite> <!-- MyRunner.TestRunner -->
